c:\users\hp elitebook\desktop\midterm\projectcpp\projectcpp\x64\debug\vc143.pdb
c:\users\hp elitebook\desktop\midterm\projectcpp\projectcpp\x64\debug\vc143.idb
c:\users\hp elitebook\desktop\midterm\projectcpp\projectcpp\x64\debug\orderbookentry.obj
c:\users\hp elitebook\desktop\midterm\projectcpp\projectcpp\x64\debug\orderbook.obj
c:\users\hp elitebook\desktop\midterm\projectcpp\projectcpp\x64\debug\main.obj
c:\users\hp elitebook\desktop\midterm\projectcpp\projectcpp\x64\debug\csvreader.obj
c:\users\hp elitebook\desktop\midterm\projectcpp\projectcpp\x64\debug\advisorbot.obj
c:\users\hp elitebook\desktop\oopmidterm\projectcpp\projectcpp\x64\debug\vc143.pdb
c:\users\hp elitebook\desktop\oopmidterm\projectcpp\projectcpp\x64\debug\vc143.idb
c:\users\hp elitebook\desktop\oopmidterm\projectcpp\projectcpp\x64\debug\orderbookentry.obj
c:\users\hp elitebook\desktop\oopmidterm\projectcpp\projectcpp\x64\debug\orderbook.obj
c:\users\hp elitebook\desktop\oopmidterm\projectcpp\projectcpp\x64\debug\main.obj
c:\users\hp elitebook\desktop\oopmidterm\projectcpp\projectcpp\x64\debug\csvreader.obj
c:\users\hp elitebook\desktop\oopmidterm\projectcpp\projectcpp\x64\debug\advisorbot.obj
c:\users\hp elitebook\desktop\oopmidterm\projectcpp\x64\debug\projectcpp.exe
c:\users\hp elitebook\desktop\oopmidterm\projectcpp\projectcpp\x64\debug\projectcpp.ilk
c:\users\hp elitebook\desktop\oopmidterm\projectcpp\x64\debug\projectcpp.pdb
c:\users\hp elitebook\desktop\oopmidterm\projectcpp\projectcpp\x64\debug\projectcpp.tlog\cl.command.1.tlog
c:\users\hp elitebook\desktop\oopmidterm\projectcpp\projectcpp\x64\debug\projectcpp.tlog\cl.read.1.tlog
c:\users\hp elitebook\desktop\oopmidterm\projectcpp\projectcpp\x64\debug\projectcpp.tlog\cl.write.1.tlog
c:\users\hp elitebook\desktop\oopmidterm\projectcpp\projectcpp\x64\debug\projectcpp.tlog\link.command.1.tlog
c:\users\hp elitebook\desktop\oopmidterm\projectcpp\projectcpp\x64\debug\projectcpp.tlog\link.read.1.tlog
c:\users\hp elitebook\desktop\oopmidterm\projectcpp\projectcpp\x64\debug\projectcpp.tlog\link.write.1.tlog
